# JRE version: OpenJDK Runtime Environment Temurin-21.0.9+10 (21.0.9+10) (build 21.0.9+10-LTS)
# Java VM: OpenJDK 64-Bit Server VM Temurin-21.0.9+10 (21.0.9+10-LTS, mixed mode, sharing, tiered, compressed oops, compressed class ptrs, parallel gc, windows-amd64)
GC Precious Log:
 CardTable entry size: 512
 CPUs: 8 total, 8 available
 Memory: 7413M
 Large Page Support: Disabled
 NUMA Support: Disabled
 Compressed Oops: Enabled (32-bit)
 Alignments: Space 512K, Generation 512K, Heap 2M
 Heap Min Capacity: 100M
 Heap Initial Capacity: 100M
 Heap Max Capacity: 2G
 Pre-touch: Disabled
 Parallel Workers: 8
Heap:
 PSYoungGen      total 1536K, used 676K [0x00000000d5580000, 0x00000000d5880000, 0x0000000100000000)
  eden space 1024K, 18% used [0x00000000d5580000,0x00000000d55aeab8,0x00000000d5680000)
  from space 512K, 95% used [0x00000000d5780000,0x00000000d57fa640,0x00000000d5800000)
  to   space 1024K, 0% used [0x00000000d5680000,0x00000000d5680000,0x00000000d5780000)
 ParOldGen       total 258560K, used 258363K [0x0000000080000000, 0x000000008fc80000, 0x00000000d5580000)
  object space 258560K, 99% used [0x0000000080000000,0x000000008fc4ecb0,0x000000008fc80000)
 Metaspace       used 67744K, committed 69376K, reserved 1114112K
  class space    used 7066K, committed 7744K, reserved 1048576K
GC Heap History (20 events):
Event: 6028.486 GC heap before
{Heap before GC invocations=174 (full 3):
 PSYoungGen      total 2048K, used 1454K [0x00000000d5580000, 0x00000000d5880000, 0x0000000100000000)
  eden space 1024K, 100% used [0x00000000d5580000,0x00000000d5680000,0x00000000d5680000)
  from space 1024K, 42% used [0x00000000d5780000,0x00000000d57ebae0,0x00000000d5880000)
  to   space 1024K, 0% used [0x00000000d5680000,0x00000000d5680000,0x00000000d5780000)
 ParOldGen       total 254976K, used 254840K [0x0000000080000000, 0x000000008f900000, 0x00000000d5580000)
  object space 254976K, 99% used [0x0000000080000000,0x000000008f8de2d8,0x000000008f900000)
 Metaspace       used 67646K, committed 69312K, reserved 1114112K
  class space    used 7066K, committed 7744K, reserved 1048576K
}
Event: 6028.492 GC heap after
{Heap after GC invocations=174 (full 3):
 PSYoungGen      total 2048K, used 492K [0x00000000d5580000, 0x00000000d5800000, 0x0000000100000000)
  eden space 1024K, 0% used [0x00000000d5580000,0x00000000d5580000,0x00000000d5680000)
  from space 1024K, 48% used [0x00000000d5680000,0x00000000d56fb150,0x00000000d5780000)
  to   space 512K, 0% used [0x00000000d5780000,0x00000000d5780000,0x00000000d5800000)
 ParOldGen       total 255488K, used 255092K [0x0000000080000000, 0x000000008f980000, 0x00000000d5580000)
  object space 255488K, 99% used [0x0000000080000000,0x000000008f91d0f0,0x000000008f980000)
 Metaspace       used 67646K, committed 69312K, reserved 1114112K
  class space    used 7066K, committed 7744K, reserved 1048576K
}
Event: 6028.620 GC heap before
{Heap before GC invocations=175 (full 3):
 PSYoungGen      total 2048K, used 1515K [0x00000000d5580000, 0x00000000d5800000, 0x0000000100000000)
  eden space 1024K, 99% used [0x00000000d5580000,0x00000000d567fda0,0x00000000d5680000)
  from space 1024K, 48% used [0x00000000d5680000,0x00000000d56fb150,0x00000000d5780000)
  to   space 512K, 0% used [0x00000000d5780000,0x00000000d5780000,0x00000000d5800000)
 ParOldGen       total 255488K, used 255092K [0x0000000080000000, 0x000000008f980000, 0x00000000d5580000)
  object space 255488K, 99% used [0x0000000080000000,0x000000008f91d0f0,0x000000008f980000)
 Metaspace       used 67646K, committed 69312K, reserved 1114112K
  class space    used 7066K, committed 7744K, reserved 1048576K
}
Event: 6028.623 GC heap after
{Heap after GC invocations=175 (full 3):
 PSYoungGen      total 1536K, used 502K [0x00000000d5580000, 0x00000000d5880000, 0x0000000100000000)
  eden space 1024K, 0% used [0x00000000d5580000,0x00000000d5580000,0x00000000d5680000)
  from space 512K, 98% used [0x00000000d5780000,0x00000000d57fd988,0x00000000d5800000)
  to   space 1024K, 0% used [0x00000000d5680000,0x00000000d5680000,0x00000000d5780000)
 ParOldGen       total 255488K, used 255473K [0x0000000080000000, 0x000000008f980000, 0x00000000d5580000)
  object space 255488K, 99% used [0x0000000080000000,0x000000008f97c7c8,0x000000008f980000)
 Metaspace       used 67646K, committed 69312K, reserved 1114112K
  class space    used 7066K, committed 7744K, reserved 1048576K
}
Event: 6028.948 GC heap before
{Heap before GC invocations=176 (full 3):
 PSYoungGen      total 1536K, used 1526K [0x00000000d5580000, 0x00000000d5880000, 0x0000000100000000)
  eden space 1024K, 100% used [0x00000000d5580000,0x00000000d5680000,0x00000000d5680000)
  from space 512K, 98% used [0x00000000d5780000,0x00000000d57fd988,0x00000000d5800000)
  to   space 1024K, 0% used [0x00000000d5680000,0x00000000d5680000,0x00000000d5780000)
 ParOldGen       total 255488K, used 255473K [0x0000000080000000, 0x000000008f980000, 0x00000000d5580000)
  object space 255488K, 99% used [0x0000000080000000,0x000000008f97c7c8,0x000000008f980000)
 Metaspace       used 67648K, committed 69312K, reserved 1114112K
  class space    used 7066K, committed 7744K, reserved 1048576K
}
Event: 6028.950 GC heap after
{Heap after GC invocations=176 (full 3):
 PSYoungGen      total 2048K, used 693K [0x00000000d5580000, 0x00000000d5880000, 0x0000000100000000)
  eden space 1024K, 0% used [0x00000000d5580000,0x00000000d5580000,0x00000000d5680000)
  from space 1024K, 67% used [0x00000000d5680000,0x00000000d572d650,0x00000000d5780000)
  to   space 1024K, 0% used [0x00000000d5780000,0x00000000d5780000,0x00000000d5880000)
 ParOldGen       total 256000K, used 255960K [0x0000000080000000, 0x000000008fa00000, 0x00000000d5580000)
  object space 256000K, 99% used [0x0000000080000000,0x000000008f9f6138,0x000000008fa00000)
 Metaspace       used 67648K, committed 69312K, reserved 1114112K
  class space    used 7066K, committed 7744K, reserved 1048576K
}
Event: 6029.109 GC heap before
{Heap before GC invocations=177 (full 3):
 PSYoungGen      total 2048K, used 1717K [0x00000000d5580000, 0x00000000d5880000, 0x0000000100000000)
  eden space 1024K, 100% used [0x00000000d5580000,0x00000000d5680000,0x00000000d5680000)
  from space 1024K, 67% used [0x00000000d5680000,0x00000000d572d650,0x00000000d5780000)
  to   space 1024K, 0% used [0x00000000d5780000,0x00000000d5780000,0x00000000d5880000)
 ParOldGen       total 256000K, used 255960K [0x0000000080000000, 0x000000008fa00000, 0x00000000d5580000)
  object space 256000K, 99% used [0x0000000080000000,0x000000008f9f6138,0x000000008fa00000)
 Metaspace       used 67648K, committed 69312K, reserved 1114112K
  class space    used 7066K, committed 7744K, reserved 1048576K
}
Event: 6029.113 GC heap after
{Heap after GC invocations=177 (full 3):
 PSYoungGen      total 1536K, used 335K [0x00000000d5580000, 0x00000000d5800000, 0x0000000100000000)
  eden space 1024K, 0% used [0x00000000d5580000,0x00000000d5580000,0x00000000d5680000)
  from space 512K, 65% used [0x00000000d5780000,0x00000000d57d3cc8,0x00000000d5800000)
  to   space 512K, 0% used [0x00000000d5700000,0x00000000d5700000,0x00000000d5780000)
 ParOldGen       total 256512K, used 256491K [0x0000000080000000, 0x000000008fa80000, 0x00000000d5580000)
  object space 256512K, 99% used [0x0000000080000000,0x000000008fa7ac88,0x000000008fa80000)
 Metaspace       used 67648K, committed 69312K, reserved 1114112K
  class space    used 7066K, committed 7744K, reserved 1048576K
}
Event: 6029.341 GC heap before
{Heap before GC invocations=178 (full 3):
 PSYoungGen      total 1536K, used 1359K [0x00000000d5580000, 0x00000000d5800000, 0x0000000100000000)
  eden space 1024K, 99% used [0x00000000d5580000,0x00000000d567ffe8,0x00000000d5680000)
  from space 512K, 65% used [0x00000000d5780000,0x00000000d57d3cc8,0x00000000d5800000)
  to   space 512K, 0% used [0x00000000d5700000,0x00000000d5700000,0x00000000d5780000)
 ParOldGen       total 256512K, used 256491K [0x0000000080000000, 0x000000008fa80000, 0x00000000d5580000)
  object space 256512K, 99% used [0x0000000080000000,0x000000008fa7ac88,0x000000008fa80000)
 Metaspace       used 67648K, committed 69312K, reserved 1114112K
  class space    used 7066K, committed 7744K, reserved 1048576K
}
Event: 6029.346 GC heap after
{Heap after GC invocations=178 (full 3):
 PSYoungGen      total 1536K, used 224K [0x00000000d5580000, 0x00000000d5800000, 0x0000000100000000)
  eden space 1024K, 0% used [0x00000000d5580000,0x00000000d5580000,0x00000000d5680000)
  from space 512K, 43% used [0x00000000d5700000,0x00000000d5738000,0x00000000d5780000)
  to   space 512K, 0% used [0x00000000d5780000,0x00000000d5780000,0x00000000d5800000)
 ParOldGen       total 257024K, used 256682K [0x0000000080000000, 0x000000008fb00000, 0x00000000d5580000)
  object space 257024K, 99% used [0x0000000080000000,0x000000008faaab58,0x000000008fb00000)
 Metaspace       used 67648K, committed 69312K, reserved 1114112K
  class space    used 7066K, committed 7744K, reserved 1048576K
}
Event: 6029.428 GC heap before
{Heap before GC invocations=179 (full 3):
 PSYoungGen      total 1536K, used 1245K [0x00000000d5580000, 0x00000000d5800000, 0x0000000100000000)
  eden space 1024K, 99% used [0x00000000d5580000,0x00000000d567f468,0x00000000d5680000)
  from space 512K, 43% used [0x00000000d5700000,0x00000000d5738000,0x00000000d5780000)
  to   space 512K, 0% used [0x00000000d5780000,0x00000000d5780000,0x00000000d5800000)
 ParOldGen       total 257024K, used 256682K [0x0000000080000000, 0x000000008fb00000, 0x00000000d5580000)
  object space 257024K, 99% used [0x0000000080000000,0x000000008faaab58,0x000000008fb00000)
 Metaspace       used 67691K, committed 69312K, reserved 1114112K
  class space    used 7066K, committed 7744K, reserved 1048576K
}
Event: 6029.429 GC heap after
{Heap after GC invocations=179 (full 3):
 PSYoungGen      total 1536K, used 492K [0x00000000d5580000, 0x00000000d5880000, 0x0000000100000000)
  eden space 1024K, 0% used [0x00000000d5580000,0x00000000d5580000,0x00000000d5680000)
  from space 512K, 96% used [0x00000000d5780000,0x00000000d57fb3f8,0x00000000d5800000)
  to   space 1024K, 0% used [0x00000000d5680000,0x00000000d5680000,0x00000000d5780000)
 ParOldGen       total 257024K, used 256813K [0x0000000080000000, 0x000000008fb00000, 0x00000000d5580000)
  object space 257024K, 99% used [0x0000000080000000,0x000000008facb5f8,0x000000008fb00000)
 Metaspace       used 67691K, committed 69312K, reserved 1114112K
  class space    used 7066K, committed 7744K, reserved 1048576K
}
Event: 6029.880 GC heap before
{Heap before GC invocations=180 (full 3):
 PSYoungGen      total 1536K, used 1516K [0x00000000d5580000, 0x00000000d5880000, 0x0000000100000000)
  eden space 1024K, 100% used [0x00000000d5580000,0x00000000d5680000,0x00000000d5680000)
  from space 512K, 96% used [0x00000000d5780000,0x00000000d57fb3f8,0x00000000d5800000)
  to   space 1024K, 0% used [0x00000000d5680000,0x00000000d5680000,0x00000000d5780000)
 ParOldGen       total 257024K, used 256813K [0x0000000080000000, 0x000000008fb00000, 0x00000000d5580000)
  object space 257024K, 99% used [0x0000000080000000,0x000000008facb5f8,0x000000008fb00000)
 Metaspace       used 67693K, committed 69312K, reserved 1114112K
  class space    used 7066K, committed 7744K, reserved 1048576K
}
Event: 6029.884 GC heap after
{Heap after GC invocations=180 (full 3):
 PSYoungGen      total 2048K, used 786K [0x00000000d5580000, 0x00000000d5880000, 0x0000000100000000)
  eden space 1024K, 0% used [0x00000000d5580000,0x00000000d5580000,0x00000000d5680000)
  from space 1024K, 76% used [0x00000000d5680000,0x00000000d5744810,0x00000000d5780000)
  to   space 1024K, 0% used [0x00000000d5780000,0x00000000d5780000,0x00000000d5880000)
 ParOldGen       total 257536K, used 257284K [0x0000000080000000, 0x000000008fb80000, 0x00000000d5580000)
  object space 257536K, 99% used [0x0000000080000000,0x000000008fb41068,0x000000008fb80000)
 Metaspace       used 67693K, committed 69312K, reserved 1114112K
  class space    used 7066K, committed 7744K, reserved 1048576K
}
Event: 6030.325 GC heap before
{Heap before GC invocations=181 (full 3):
 PSYoungGen      total 2048K, used 1807K [0x00000000d5580000, 0x00000000d5880000, 0x0000000100000000)
  eden space 1024K, 99% used [0x00000000d5580000,0x00000000d567f660,0x00000000d5680000)
  from space 1024K, 76% used [0x00000000d5680000,0x00000000d5744810,0x00000000d5780000)
  to   space 1024K, 0% used [0x00000000d5780000,0x00000000d5780000,0x00000000d5880000)
 ParOldGen       total 257536K, used 257284K [0x0000000080000000, 0x000000008fb80000, 0x00000000d5580000)
  object space 257536K, 99% used [0x0000000080000000,0x000000008fb41068,0x000000008fb80000)
 Metaspace       used 67712K, committed 69376K, reserved 1114112K
  class space    used 7066K, committed 7744K, reserved 1048576K
}
Event: 6030.327 GC heap after
{Heap after GC invocations=181 (full 3):
 PSYoungGen      total 2048K, used 431K [0x00000000d5580000, 0x00000000d5880000, 0x0000000100000000)
  eden space 1024K, 0% used [0x00000000d5580000,0x00000000d5580000,0x00000000d5680000)
  from space 1024K, 42% used [0x00000000d5780000,0x00000000d57ebe98,0x00000000d5880000)
  to   space 1024K, 0% used [0x00000000d5680000,0x00000000d5680000,0x00000000d5780000)
 ParOldGen       total 258048K, used 257923K [0x0000000080000000, 0x000000008fc00000, 0x00000000d5580000)
  object space 258048K, 99% used [0x0000000080000000,0x000000008fbe0e18,0x000000008fc00000)
 Metaspace       used 67712K, committed 69376K, reserved 1114112K
  class space    used 7066K, committed 7744K, reserved 1048576K
}
Event: 6030.732 GC heap before
{Heap before GC invocations=182 (full 3):
 PSYoungGen      total 2048K, used 1448K [0x00000000d5580000, 0x00000000d5880000, 0x0000000100000000)
  eden space 1024K, 99% used [0x00000000d5580000,0x00000000d567e3d8,0x00000000d5680000)
  from space 1024K, 42% used [0x00000000d5780000,0x00000000d57ebe98,0x00000000d5880000)
  to   space 1024K, 0% used [0x00000000d5680000,0x00000000d5680000,0x00000000d5780000)
 ParOldGen       total 258048K, used 257923K [0x0000000080000000, 0x000000008fc00000, 0x00000000d5580000)
  object space 258048K, 99% used [0x0000000080000000,0x000000008fbe0e18,0x000000008fc00000)
 Metaspace       used 67718K, committed 69376K, reserved 1114112K
  class space    used 7066K, committed 7744K, reserved 1048576K
}
Event: 6030.796 GC heap after
{Heap after GC invocations=182 (full 3):
 PSYoungGen      total 2048K, used 320K [0x00000000d5580000, 0x00000000d5800000, 0x0000000100000000)
  eden space 1024K, 0% used [0x00000000d5580000,0x00000000d5580000,0x00000000d5680000)
  from space 1024K, 31% used [0x00000000d5680000,0x00000000d56d0000,0x00000000d5780000)
  to   space 512K, 0% used [0x00000000d5780000,0x00000000d5780000,0x00000000d5800000)
 ParOldGen       total 258560K, used 258211K [0x0000000080000000, 0x000000008fc80000, 0x00000000d5580000)
  object space 258560K, 99% used [0x0000000080000000,0x000000008fc28cb0,0x000000008fc80000)
 Metaspace       used 67718K, committed 69376K, reserved 1114112K
  class space    used 7066K, committed 7744K, reserved 1048576K
}
Event: 6031.518 GC heap before
{Heap before GC invocations=183 (full 3):
 PSYoungGen      total 2048K, used 1344K [0x00000000d5580000, 0x00000000d5800000, 0x0000000100000000)
  eden space 1024K, 100% used [0x00000000d5580000,0x00000000d5680000,0x00000000d5680000)
  from space 1024K, 31% used [0x00000000d5680000,0x00000000d56d0000,0x00000000d5780000)
  to   space 512K, 0% used [0x00000000d5780000,0x00000000d5780000,0x00000000d5800000)
 ParOldGen       total 258560K, used 258211K [0x0000000080000000, 0x000000008fc80000, 0x00000000d5580000)
  object space 258560K, 99% used [0x0000000080000000,0x000000008fc28cb0,0x000000008fc80000)
 Metaspace       used 67744K, committed 69376K, reserved 1114112K
  class space    used 7066K, committed 7744K, reserved 1048576K
}
Event: 6032.455 GC heap after
{Heap after GC invocations=183 (full 3):
 PSYoungGen      total 1536K, used 489K [0x00000000d5580000, 0x00000000d5880000, 0x0000000100000000)
  eden space 1024K, 0% used [0x00000000d5580000,0x00000000d5580000,0x00000000d5680000)
  from space 512K, 95% used [0x00000000d5780000,0x00000000d57fa640,0x00000000d5800000)
  to   space 1024K, 0% used [0x00000000d5680000,0x00000000d5680000,0x00000000d5780000)
 ParOldGen       total 258560K, used 258363K [0x0000000080000000, 0x000000008fc80000, 0x00000000d5580000)
  object space 258560K, 99% used [0x0000000080000000,0x000000008fc4ecb0,0x000000008fc80000)
 Metaspace       used 67744K, committed 69376K, reserved 1114112K
  class space    used 7066K, committed 7744K, reserved 1048576K
}

