# JRE version: OpenJDK Runtime Environment Temurin-21.0.8+9 (21.0.8+9) (build 21.0.8+9-LTS)
# Java VM: OpenJDK 64-Bit Server VM Temurin-21.0.8+9 (21.0.8+9-LTS, mixed mode, sharing, tiered, compressed oops, compressed class ptrs, parallel gc, windows-amd64)
GC Precious Log:
 CardTable entry size: 512
 CPUs: 8 total, 8 available
 Memory: 7413M
 Large Page Support: Disabled
 NUMA Support: Disabled
 Compressed Oops: Enabled (32-bit)
 Alignments: Space 512K, Generation 512K, Heap 2M
 Heap Min Capacity: 100M
 Heap Initial Capacity: 100M
 Heap Max Capacity: 2G
 Pre-touch: Disabled
 Parallel Workers: 8
Heap:
 PSYoungGen      total 3584K, used 3571K [0x00000000d5580000, 0x00000000d5c80000, 0x0000000100000000)
  eden space 3072K, 100% used [0x00000000d5580000,0x00000000d5880000,0x00000000d5880000)
  from space 512K, 97% used [0x00000000d5b80000,0x00000000d5bfcc80,0x00000000d5c00000)
  to   space 512K, 95% used [0x00000000d5c00000,0x00000000d5c7a600,0x00000000d5c80000)
 ParOldGen       total 775680K, used 775504K [0x0000000080000000, 0x00000000af580000, 0x00000000d5580000)
  object space 775680K, 99% used [0x0000000080000000,0x00000000af554340,0x00000000af580000)
 Metaspace       used 72637K, committed 74176K, reserved 1179648K
  class space    used 7635K, committed 8256K, reserved 1048576K
GC Heap History (20 events):
Event: 104.686 GC heap before
{Heap before GC invocations=1026 (full 3):
 PSYoungGen      total 5632K, used 5536K [0x00000000d5580000, 0x00000000d5f80000, 0x0000000100000000)
  eden space 2560K, 100% used [0x00000000d5580000,0x00000000d5800000,0x00000000d5800000)
  from space 3072K, 96% used [0x00000000d5b80000,0x00000000d5e68000,0x00000000d5e80000)
  to   space 3584K, 0% used [0x00000000d5800000,0x00000000d5800000,0x00000000d5b80000)
 ParOldGen       total 764928K, used 764553K [0x0000000080000000, 0x00000000aeb00000, 0x00000000d5580000)
  object space 764928K, 99% used [0x0000000080000000,0x00000000aeaa27a0,0x00000000aeb00000)
 Metaspace       used 71944K, committed 73408K, reserved 1179648K
  class space    used 7547K, committed 8128K, reserved 1048576K
}
Event: 104.689 GC heap after
{Heap after GC invocations=1026 (full 3):
 PSYoungGen      total 5120K, used 2437K [0x00000000d5580000, 0x00000000d5e00000, 0x0000000100000000)
  eden space 2560K, 0% used [0x00000000d5580000,0x00000000d5580000,0x00000000d5800000)
  from space 2560K, 95% used [0x00000000d5800000,0x00000000d5a616e0,0x00000000d5a80000)
  to   space 3072K, 0% used [0x00000000d5b00000,0x00000000d5b00000,0x00000000d5e00000)
 ParOldGen       total 767488K, used 767420K [0x0000000080000000, 0x00000000aed80000, 0x00000000d5580000)
  object space 767488K, 99% used [0x0000000080000000,0x00000000aed6f1a0,0x00000000aed80000)
 Metaspace       used 71944K, committed 73408K, reserved 1179648K
  class space    used 7547K, committed 8128K, reserved 1048576K
}
Event: 104.692 GC heap before
{Heap before GC invocations=1027 (full 3):
 PSYoungGen      total 5120K, used 4997K [0x00000000d5580000, 0x00000000d5e00000, 0x0000000100000000)
  eden space 2560K, 100% used [0x00000000d5580000,0x00000000d5800000,0x00000000d5800000)
  from space 2560K, 95% used [0x00000000d5800000,0x00000000d5a616e0,0x00000000d5a80000)
  to   space 3072K, 0% used [0x00000000d5b00000,0x00000000d5b00000,0x00000000d5e00000)
 ParOldGen       total 767488K, used 767420K [0x0000000080000000, 0x00000000aed80000, 0x00000000d5580000)
  object space 767488K, 99% used [0x0000000080000000,0x00000000aed6f1a0,0x00000000aed80000)
 Metaspace       used 71945K, committed 73408K, reserved 1179648K
  class space    used 7547K, committed 8128K, reserved 1048576K
}
Event: 104.696 GC heap after
{Heap after GC invocations=1027 (full 3):
 PSYoungGen      total 5632K, used 2368K [0x00000000d5580000, 0x00000000d5d80000, 0x0000000100000000)
  eden space 3072K, 0% used [0x00000000d5580000,0x00000000d5580000,0x00000000d5880000)
  from space 2560K, 92% used [0x00000000d5b00000,0x00000000d5d50000,0x00000000d5d80000)
  to   space 2560K, 0% used [0x00000000d5880000,0x00000000d5880000,0x00000000d5b00000)
 ParOldGen       total 770048K, used 769786K [0x0000000080000000, 0x00000000af000000, 0x00000000d5580000)
  object space 770048K, 99% used [0x0000000080000000,0x00000000aefbe9f8,0x00000000af000000)
 Metaspace       used 71945K, committed 73408K, reserved 1179648K
  class space    used 7547K, committed 8128K, reserved 1048576K
}
Event: 104.779 GC heap before
{Heap before GC invocations=1028 (full 3):
 PSYoungGen      total 5632K, used 5440K [0x00000000d5580000, 0x00000000d5d80000, 0x0000000100000000)
  eden space 3072K, 100% used [0x00000000d5580000,0x00000000d5880000,0x00000000d5880000)
  from space 2560K, 92% used [0x00000000d5b00000,0x00000000d5d50000,0x00000000d5d80000)
  to   space 2560K, 0% used [0x00000000d5880000,0x00000000d5880000,0x00000000d5b00000)
 ParOldGen       total 770048K, used 769786K [0x0000000080000000, 0x00000000af000000, 0x00000000d5580000)
  object space 770048K, 99% used [0x0000000080000000,0x00000000aefbe9f8,0x00000000af000000)
 Metaspace       used 72019K, committed 73472K, reserved 1179648K
  class space    used 7558K, committed 8192K, reserved 1048576K
}
Event: 104.784 GC heap after
{Heap after GC invocations=1028 (full 3):
 PSYoungGen      total 5632K, used 2048K [0x00000000d5580000, 0x00000000d5e80000, 0x0000000100000000)
  eden space 3072K, 0% used [0x00000000d5580000,0x00000000d5580000,0x00000000d5880000)
  from space 2560K, 80% used [0x00000000d5880000,0x00000000d5a80000,0x00000000d5b00000)
  to   space 2560K, 0% used [0x00000000d5c00000,0x00000000d5c00000,0x00000000d5e80000)
 ParOldGen       total 772096K, used 772079K [0x0000000080000000, 0x00000000af200000, 0x00000000d5580000)
  object space 772096K, 99% used [0x0000000080000000,0x00000000af1fbef0,0x00000000af200000)
 Metaspace       used 72019K, committed 73472K, reserved 1179648K
  class space    used 7558K, committed 8192K, reserved 1048576K
}
Event: 104.934 GC heap before
{Heap before GC invocations=1029 (full 3):
 PSYoungGen      total 5632K, used 5115K [0x00000000d5580000, 0x00000000d5e80000, 0x0000000100000000)
  eden space 3072K, 99% used [0x00000000d5580000,0x00000000d587ed30,0x00000000d5880000)
  from space 2560K, 80% used [0x00000000d5880000,0x00000000d5a80000,0x00000000d5b00000)
  to   space 2560K, 0% used [0x00000000d5c00000,0x00000000d5c00000,0x00000000d5e80000)
 ParOldGen       total 772096K, used 772079K [0x0000000080000000, 0x00000000af200000, 0x00000000d5580000)
  object space 772096K, 99% used [0x0000000080000000,0x00000000af1fbef0,0x00000000af200000)
 Metaspace       used 72105K, committed 73536K, reserved 1179648K
  class space    used 7569K, committed 8192K, reserved 1048576K
}
Event: 104.937 GC heap after
{Heap after GC invocations=1029 (full 3):
 PSYoungGen      total 3584K, used 485K [0x00000000d5580000, 0x00000000d5c80000, 0x0000000100000000)
  eden space 3072K, 0% used [0x00000000d5580000,0x00000000d5580000,0x00000000d5880000)
  from space 512K, 94% used [0x00000000d5c00000,0x00000000d5c796e0,0x00000000d5c80000)
  to   space 1536K, 0% used [0x00000000d5980000,0x00000000d5980000,0x00000000d5b00000)
 ParOldGen       total 774144K, used 773989K [0x0000000080000000, 0x00000000af400000, 0x00000000d5580000)
  object space 774144K, 99% used [0x0000000080000000,0x00000000af3d97d0,0x00000000af400000)
 Metaspace       used 72105K, committed 73536K, reserved 1179648K
  class space    used 7569K, committed 8192K, reserved 1048576K
}
Event: 105.011 GC heap before
{Heap before GC invocations=1030 (full 3):
 PSYoungGen      total 3584K, used 3338K [0x00000000d5580000, 0x00000000d5c80000, 0x0000000100000000)
  eden space 3072K, 92% used [0x00000000d5580000,0x00000000d58494e8,0x00000000d5880000)
  from space 512K, 94% used [0x00000000d5c00000,0x00000000d5c796e0,0x00000000d5c80000)
  to   space 1536K, 0% used [0x00000000d5980000,0x00000000d5980000,0x00000000d5b00000)
 ParOldGen       total 774144K, used 773989K [0x0000000080000000, 0x00000000af400000, 0x00000000d5580000)
  object space 774144K, 99% used [0x0000000080000000,0x00000000af3d97d0,0x00000000af400000)
 Metaspace       used 72105K, committed 73536K, reserved 1179648K
  class space    used 7569K, committed 8192K, reserved 1048576K
}
Event: 105.013 GC heap after
{Heap after GC invocations=1030 (full 3):
 PSYoungGen      total 4608K, used 192K [0x00000000d5580000, 0x00000000d5c80000, 0x0000000100000000)
  eden space 3072K, 0% used [0x00000000d5580000,0x00000000d5580000,0x00000000d5880000)
  from space 1536K, 12% used [0x00000000d5980000,0x00000000d59b0000,0x00000000d5b00000)
  to   space 512K, 0% used [0x00000000d5c00000,0x00000000d5c00000,0x00000000d5c80000)
 ParOldGen       total 774656K, used 774293K [0x0000000080000000, 0x00000000af480000, 0x00000000d5580000)
  object space 774656K, 99% used [0x0000000080000000,0x00000000af4257f0,0x00000000af480000)
 Metaspace       used 72105K, committed 73536K, reserved 1179648K
  class space    used 7569K, committed 8192K, reserved 1048576K
}
Event: 105.041 GC heap before
{Heap before GC invocations=1031 (full 3):
 PSYoungGen      total 4608K, used 3264K [0x00000000d5580000, 0x00000000d5c80000, 0x0000000100000000)
  eden space 3072K, 100% used [0x00000000d5580000,0x00000000d5880000,0x00000000d5880000)
  from space 1536K, 12% used [0x00000000d5980000,0x00000000d59b0000,0x00000000d5b00000)
  to   space 512K, 0% used [0x00000000d5c00000,0x00000000d5c00000,0x00000000d5c80000)
 ParOldGen       total 774656K, used 774293K [0x0000000080000000, 0x00000000af480000, 0x00000000d5580000)
  object space 774656K, 99% used [0x0000000080000000,0x00000000af4257f0,0x00000000af480000)
 Metaspace       used 72105K, committed 73536K, reserved 1179648K
  class space    used 7569K, committed 8192K, reserved 1048576K
}
Event: 105.043 GC heap after
{Heap after GC invocations=1031 (full 3):
 PSYoungGen      total 3584K, used 224K [0x00000000d5580000, 0x00000000d5c80000, 0x0000000100000000)
  eden space 3072K, 0% used [0x00000000d5580000,0x00000000d5580000,0x00000000d5880000)
  from space 512K, 43% used [0x00000000d5c00000,0x00000000d5c38000,0x00000000d5c80000)
  to   space 512K, 0% used [0x00000000d5b80000,0x00000000d5b80000,0x00000000d5c00000)
 ParOldGen       total 774656K, used 774341K [0x0000000080000000, 0x00000000af480000, 0x00000000d5580000)
  object space 774656K, 99% used [0x0000000080000000,0x00000000af4317f0,0x00000000af480000)
 Metaspace       used 72105K, committed 73536K, reserved 1179648K
  class space    used 7569K, committed 8192K, reserved 1048576K
}
Event: 105.404 GC heap before
{Heap before GC invocations=1032 (full 3):
 PSYoungGen      total 3584K, used 3296K [0x00000000d5580000, 0x00000000d5c80000, 0x0000000100000000)
  eden space 3072K, 100% used [0x00000000d5580000,0x00000000d5880000,0x00000000d5880000)
  from space 512K, 43% used [0x00000000d5c00000,0x00000000d5c38000,0x00000000d5c80000)
  to   space 512K, 0% used [0x00000000d5b80000,0x00000000d5b80000,0x00000000d5c00000)
 ParOldGen       total 774656K, used 774341K [0x0000000080000000, 0x00000000af480000, 0x00000000d5580000)
  object space 774656K, 99% used [0x0000000080000000,0x00000000af4317f0,0x00000000af480000)
 Metaspace       used 72111K, committed 73600K, reserved 1179648K
  class space    used 7569K, committed 8192K, reserved 1048576K
}
Event: 105.406 GC heap after
{Heap after GC invocations=1032 (full 3):
 PSYoungGen      total 3584K, used 192K [0x00000000d5580000, 0x00000000d5c80000, 0x0000000100000000)
  eden space 3072K, 0% used [0x00000000d5580000,0x00000000d5580000,0x00000000d5880000)
  from space 512K, 37% used [0x00000000d5b80000,0x00000000d5bb0000,0x00000000d5c00000)
  to   space 512K, 0% used [0x00000000d5c00000,0x00000000d5c00000,0x00000000d5c80000)
 ParOldGen       total 774656K, used 774365K [0x0000000080000000, 0x00000000af480000, 0x00000000d5580000)
  object space 774656K, 99% used [0x0000000080000000,0x00000000af4377f0,0x00000000af480000)
 Metaspace       used 72111K, committed 73600K, reserved 1179648K
  class space    used 7569K, committed 8192K, reserved 1048576K
}
Event: 105.614 GC heap before
{Heap before GC invocations=1033 (full 3):
 PSYoungGen      total 3584K, used 3255K [0x00000000d5580000, 0x00000000d5c80000, 0x0000000100000000)
  eden space 3072K, 99% used [0x00000000d5580000,0x00000000d587dde8,0x00000000d5880000)
  from space 512K, 37% used [0x00000000d5b80000,0x00000000d5bb0000,0x00000000d5c00000)
  to   space 512K, 0% used [0x00000000d5c00000,0x00000000d5c00000,0x00000000d5c80000)
 ParOldGen       total 774656K, used 774365K [0x0000000080000000, 0x00000000af480000, 0x00000000d5580000)
  object space 774656K, 99% used [0x0000000080000000,0x00000000af4377f0,0x00000000af480000)
 Metaspace       used 72305K, committed 73792K, reserved 1179648K
  class space    used 7587K, committed 8192K, reserved 1048576K
}
Event: 105.617 GC heap after
{Heap after GC invocations=1033 (full 3):
 PSYoungGen      total 3584K, used 288K [0x00000000d5580000, 0x00000000d5c80000, 0x0000000100000000)
  eden space 3072K, 0% used [0x00000000d5580000,0x00000000d5580000,0x00000000d5880000)
  from space 512K, 56% used [0x00000000d5c00000,0x00000000d5c48000,0x00000000d5c80000)
  to   space 512K, 0% used [0x00000000d5b80000,0x00000000d5b80000,0x00000000d5c00000)
 ParOldGen       total 774656K, used 774389K [0x0000000080000000, 0x00000000af480000, 0x00000000d5580000)
  object space 774656K, 99% used [0x0000000080000000,0x00000000af43d7f0,0x00000000af480000)
 Metaspace       used 72305K, committed 73792K, reserved 1179648K
  class space    used 7587K, committed 8192K, reserved 1048576K
}
Event: 105.788 GC heap before
{Heap before GC invocations=1034 (full 3):
 PSYoungGen      total 3584K, used 3360K [0x00000000d5580000, 0x00000000d5c80000, 0x0000000100000000)
  eden space 3072K, 100% used [0x00000000d5580000,0x00000000d5880000,0x00000000d5880000)
  from space 512K, 56% used [0x00000000d5c00000,0x00000000d5c48000,0x00000000d5c80000)
  to   space 512K, 0% used [0x00000000d5b80000,0x00000000d5b80000,0x00000000d5c00000)
 ParOldGen       total 774656K, used 774389K [0x0000000080000000, 0x00000000af480000, 0x00000000d5580000)
  object space 774656K, 99% used [0x0000000080000000,0x00000000af43d7f0,0x00000000af480000)
 Metaspace       used 72537K, committed 74048K, reserved 1179648K
  class space    used 7624K, committed 8192K, reserved 1048576K
}
Event: 105.791 GC heap after
{Heap after GC invocations=1034 (full 3):
 PSYoungGen      total 3584K, used 288K [0x00000000d5580000, 0x00000000d5c80000, 0x0000000100000000)
  eden space 3072K, 0% used [0x00000000d5580000,0x00000000d5580000,0x00000000d5880000)
  from space 512K, 56% used [0x00000000d5b80000,0x00000000d5bc8000,0x00000000d5c00000)
  to   space 512K, 0% used [0x00000000d5c00000,0x00000000d5c00000,0x00000000d5c80000)
 ParOldGen       total 774656K, used 774486K [0x0000000080000000, 0x00000000af480000, 0x00000000d5580000)
  object space 774656K, 99% used [0x0000000080000000,0x00000000af4559a0,0x00000000af480000)
 Metaspace       used 72537K, committed 74048K, reserved 1179648K
  class space    used 7624K, committed 8192K, reserved 1048576K
}
Event: 105.925 GC heap before
{Heap before GC invocations=1035 (full 3):
 PSYoungGen      total 3584K, used 3360K [0x00000000d5580000, 0x00000000d5c80000, 0x0000000100000000)
  eden space 3072K, 100% used [0x00000000d5580000,0x00000000d5880000,0x00000000d5880000)
  from space 512K, 56% used [0x00000000d5b80000,0x00000000d5bc8000,0x00000000d5c00000)
  to   space 512K, 0% used [0x00000000d5c00000,0x00000000d5c00000,0x00000000d5c80000)
 ParOldGen       total 774656K, used 774486K [0x0000000080000000, 0x00000000af480000, 0x00000000d5580000)
  object space 774656K, 99% used [0x0000000080000000,0x00000000af4559a0,0x00000000af480000)
 Metaspace       used 72614K, committed 74112K, reserved 1179648K
  class space    used 7631K, committed 8256K, reserved 1048576K
}
Event: 105.929 GC heap after
{Heap after GC invocations=1035 (full 3):
 PSYoungGen      total 3584K, used 224K [0x00000000d5580000, 0x00000000d5c80000, 0x0000000100000000)
  eden space 3072K, 0% used [0x00000000d5580000,0x00000000d5580000,0x00000000d5880000)
  from space 512K, 43% used [0x00000000d5c00000,0x00000000d5c38000,0x00000000d5c80000)
  to   space 512K, 0% used [0x00000000d5b80000,0x00000000d5b80000,0x00000000d5c00000)
 ParOldGen       total 775168K, used 774678K [0x0000000080000000, 0x00000000af500000, 0x00000000d5580000)
  object space 775168K, 99% used [0x0000000080000000,0x00000000af4859b0,0x00000000af500000)
 Metaspace       used 72614K, committed 74112K, reserved 1179648K
  class space    used 7631K, committed 8256K, reserved 1048576K
}

